2014-04-02 21:55:31,270 INFO  [Thread-1:RabbitMQDaemon] - Starting RabbitMQDaemon, MQ IP = 192.168.189.128
2014-04-02 21:58:37,238 INFO  [main:RabbitMQRPCConnector] - Opening connector on MQ at IP= 192.168.189.128
2014-04-02 21:59:54,244 INFO  [main:RabbitMQRPCConnector] - Opening connector on MQ at IP= 192.168.189.128
2014-04-02 22:05:44,946 INFO  [Thread-1:RabbitMQDaemon] - Starting RabbitMQDaemon, MQ IP = 192.168.189.128
2014-04-02 22:08:08,297 INFO  [Thread-1:RabbitMQDaemon] - Starting RabbitMQDaemon, MQ IP = 192.168.189.128
2014-04-02 22:08:30,092 INFO  [main:RabbitMQRPCConnector] - Opening connector on MQ at IP= 192.168.189.128
2014-04-02 22:11:18,026 INFO  [main:RabbitMQRPCConnector] - Opening connector on MQ at IP= 192.168.189.128
2014-04-02 22:13:16,957 INFO  [Thread-1:RabbitMQDaemon] - Starting RabbitMQDaemon, MQ IP = 192.168.189.128
2014-04-02 22:19:22,661 INFO  [Thread-1:RabbitMQDaemon] - Starting RabbitMQDaemon, MQ IP = 192.168.189.128
2014-04-02 22:25:01,755 INFO  [Thread-1:RabbitMQDaemon] - Starting RabbitMQDaemon, MQ IP = 192.168.189.128
2014-04-02 22:31:01,626 INFO  [Thread-1:RabbitMQDaemon] - Starting RabbitMQDaemon, MQ IP = 192.168.189.128
2014-04-02 22:32:24,006 INFO  [Thread-1:RabbitMQDaemon] - Starting RabbitMQDaemon, MQ IP = 192.168.189.128
2014-04-02 22:36:26,310 INFO  [Thread-1:RabbitMQDaemon] - Starting RabbitMQDaemon, MQ IP = 192.168.189.128
2014-04-02 22:39:45,588 INFO  [Thread-1:RabbitMQDaemon] - Starting RabbitMQDaemon, MQ IP = 192.168.189.128
2014-04-02 22:41:21,608 INFO  [Thread-1:RabbitMQDaemon] - Starting RabbitMQDaemon, MQ IP = 192.168.189.128
2014-04-02 22:41:26,162 INFO  [Thread-1:RabbitMQDaemon] - Starting RabbitMQDaemon, MQ IP = 192.168.189.128
2014-04-02 23:12:45,884 INFO  [Thread-1:RabbitMQDaemon] - Starting RabbitMQDaemon, MQ IP = 192.168.189.128
2014-04-02 23:21:24,218 INFO  [Thread-1:RabbitMQDaemon] - Starting RabbitMQDaemon, MQ IP = 192.168.189.128
2014-04-02 23:23:30,134 INFO  [Thread-1:RabbitMQDaemon] - Starting RabbitMQDaemon, MQ IP = 192.168.189.128
2014-04-02 23:24:22,520 INFO  [main:RabbitMQRPCConnector] - Opening connector on MQ at IP= 192.168.189.128
2014-04-02 23:24:33,362 TRACE [main:RabbitMQRPCConnector] - Send request: {"parameter":"notused","method":"getContents","user":"rsa"}
2014-04-02 23:24:33,373 TRACE [Thread-1:RabbitMQDaemon] - Received msg: {"parameter":"notused","method":"getContents","user":"rsa"}
2014-04-02 23:24:33,389 ERROR [Thread-1:RabbitMQDaemon] -  Exception in MQDAemon run()/while true] java.lang.NullPointerException
2014-04-02 23:24:33,390 TRACE [Thread-1:RabbitMQDaemon] - Returning answer: wrong
2014-04-02 23:24:33,392 TRACE [Thread-1:RabbitMQDaemon] - Answer acknowledged.
2014-04-02 23:24:33,395 TRACE [main:RabbitMQRPCConnector] - Retrieved reply: wrong
2014-04-02 23:25:09,868 INFO  [main:RabbitMQRPCConnector] - Opening connector on MQ at IP= 192.168.189.128
2014-04-02 23:25:30,695 TRACE [main:RabbitMQRPCConnector] - Send request: {"parameter":"week","method":"getReport","user":"rsa"}
2014-04-02 23:25:30,700 TRACE [Thread-1:RabbitMQDaemon] - Received msg: {"parameter":"week","method":"getReport","user":"rsa"}
2014-04-02 23:25:30,701 ERROR [Thread-1:RabbitMQDaemon] -  Exception in MQDAemon run()/while true] java.lang.NullPointerException
2014-04-02 23:25:30,701 TRACE [Thread-1:RabbitMQDaemon] - Returning answer: wrong
2014-04-02 23:25:30,706 TRACE [Thread-1:RabbitMQDaemon] - Answer acknowledged.
2014-04-02 23:25:30,707 TRACE [main:RabbitMQRPCConnector] - Retrieved reply: wrong
2014-04-02 23:26:31,994 INFO  [main:RabbitMQRPCConnector] - Opening connector on MQ at IP= 192.168.189.128
2014-04-02 23:26:54,058 TRACE [main:RabbitMQRPCConnector] - Send request: {"parameter":"Week 2 : 5 : 0","method":"addline","user":"rsa"}
2014-04-02 23:26:54,064 TRACE [Thread-1:RabbitMQDaemon] - Received msg: {"parameter":"Week 2 : 5 : 0","method":"addline","user":"rsa"}
2014-04-02 23:26:54,071 TRACE [Thread-1:RabbitMQDaemon] - Returning answer: {"error":false,"reply":0,"errorMsg":"OK"}
2014-04-02 23:26:54,071 TRACE [Thread-1:RabbitMQDaemon] - Answer acknowledged.
2014-04-02 23:26:54,076 TRACE [main:RabbitMQRPCConnector] - Retrieved reply: {"error":false,"reply":0,"errorMsg":"OK"}
2014-04-02 23:26:57,756 TRACE [main:RabbitMQRPCConnector] - Send request: {"parameter":"notused","method":"getContents","user":"rsa"}
2014-04-02 23:26:57,757 TRACE [Thread-1:RabbitMQDaemon] - Received msg: {"parameter":"notused","method":"getContents","user":"rsa"}
2014-04-02 23:26:57,758 TRACE [Thread-1:RabbitMQDaemon] - Returning answer: {"error":false,"reply":"Week 2 : 5 : 0","errorMsg":"OK"}
2014-04-02 23:26:57,758 TRACE [Thread-1:RabbitMQDaemon] - Answer acknowledged.
2014-04-02 23:26:57,773 TRACE [main:RabbitMQRPCConnector] - Retrieved reply: {"error":false,"reply":"Week 2 : 5 : 0","errorMsg":"OK"}
2014-04-02 23:27:09,107 TRACE [main:RabbitMQRPCConnector] - Send request: {"parameter":"week","method":"getReport","user":"rsa"}
2014-04-02 23:27:09,109 TRACE [Thread-1:RabbitMQDaemon] - Received msg: {"parameter":"week","method":"getReport","user":"rsa"}
2014-04-02 23:27:15,550 TRACE [Thread-1:RabbitMQDaemon] - Returning answer: {"error":false,"reply":"Week overview stub: 8 hours in total\nToday's Cookie:\n\n\"Cynicism is an unpleasant way of saying the truth.\"\n-- Lillian Hellman\n","errorMsg":"OK"}
2014-04-02 23:27:15,551 TRACE [Thread-1:RabbitMQDaemon] - Answer acknowledged.
2014-04-02 23:27:15,553 TRACE [main:RabbitMQRPCConnector] - Retrieved reply: {"error":false,"reply":"Week overview stub: 8 hours in total\nToday's Cookie:\n\n\"Cynicism is an unpleasant way of saying the truth.\"\n-- Lillian Hellman\n","errorMsg":"OK"}
2014-04-02 23:27:43,763 TRACE [main:RabbitMQRPCConnector] - Send request: {"parameter":"week","method":"getReport","user":"rsa"}
2014-04-02 23:27:43,765 TRACE [Thread-1:RabbitMQDaemon] - Received msg: {"parameter":"week","method":"getReport","user":"rsa"}
2014-04-02 23:27:44,168 TRACE [Thread-1:RabbitMQDaemon] - Returning answer: {"error":false,"reply":"Week overview stub: 8 hours in total\nToday's Cookie:\n\nAnd it does matter.  An honest man or woman is an honest man or woman more \nbecause he or she is honest in the small, everyday things that \"don't matter\" \nindividually, but which make up a well-lived life, than because of some single \ngreat temptation that was passed.  A person who is concerned about individual \nrights or about individual dignity makes his or her difference not because of \nany sweeping great statement or action, but because of the accretion of small, \nindividually seemingly insignificant acts that spread that dignity and confirm \nthose rights through every action they take.  It matters because every action \nyou take, and every action I take is an expression of the human spirit.  \n -- William Oliver (oliver@uncmed.med.unc.edu)\n","errorMsg":"OK"}
2014-04-02 23:27:44,168 TRACE [Thread-1:RabbitMQDaemon] - Answer acknowledged.
2014-04-02 23:27:44,170 TRACE [main:RabbitMQRPCConnector] - Retrieved reply: {"error":false,"reply":"Week overview stub: 8 hours in total\nToday's Cookie:\n\nAnd it does matter.  An honest man or woman is an honest man or woman more \nbecause he or she is honest in the small, everyday things that \"don't matter\" \nindividually, but which make up a well-lived life, than because of some single \ngreat temptation that was passed.  A person who is concerned about individual \nrights or about individual dignity makes his or her difference not because of \nany sweeping great statement or action, but because of the accretion of small, \nindividually seemingly insignificant acts that spread that dignity and confirm \nthose rights through every action they take.  It matters because every action \nyou take, and every action I take is an expression of the human spirit.  \n -- William Oliver (oliver@uncmed.med.unc.edu)\n","errorMsg":"OK"}
2014-04-02 23:27:50,235 TRACE [main:RabbitMQRPCConnector] - Send request: {"parameter":"week","method":"getReport","user":"rsa"}
2014-04-02 23:27:50,237 TRACE [Thread-1:RabbitMQDaemon] - Received msg: {"parameter":"week","method":"getReport","user":"rsa"}
2014-04-02 23:27:50,789 TRACE [Thread-1:RabbitMQDaemon] - Returning answer: {"error":false,"reply":"Week overview stub: 8 hours in total\nToday's Cookie:\n\nPut to scale, the head of a disk drive is like a 747 jumbo jet flying at mach 4 at an altitude of 1\/4\" over the rocky mountains.\n","errorMsg":"OK"}
2014-04-02 23:27:50,789 TRACE [Thread-1:RabbitMQDaemon] - Answer acknowledged.
2014-04-02 23:27:50,791 TRACE [main:RabbitMQRPCConnector] - Retrieved reply: {"error":false,"reply":"Week overview stub: 8 hours in total\nToday's Cookie:\n\nPut to scale, the head of a disk drive is like a 747 jumbo jet flying at mach 4 at an altitude of 1\/4\" over the rocky mountains.\n","errorMsg":"OK"}
2014-04-02 23:29:16,580 TRACE [main:RabbitMQRPCConnector] - Send request: {"parameter":"week","method":"getReport","user":"rsa"}
2014-04-02 23:29:16,582 TRACE [Thread-1:RabbitMQDaemon] - Received msg: {"parameter":"week","method":"getReport","user":"rsa"}
2014-04-02 23:29:26,832 TRACE [Thread-1:RabbitMQDaemon] - Returning answer: {"error":false,"reply":"Week overview stub: 8 hours in total\nToday's Cookie:\n\n\"You can hardly do anything that won't seem stupid later.\"\n-- Karl Lehenbauer\n","errorMsg":"OK"}
2014-04-02 23:29:26,832 TRACE [Thread-1:RabbitMQDaemon] - Answer acknowledged.
2014-04-02 23:29:26,834 TRACE [main:RabbitMQRPCConnector] - Retrieved reply: {"error":false,"reply":"Week overview stub: 8 hours in total\nToday's Cookie:\n\n\"You can hardly do anything that won't seem stupid later.\"\n-- Karl Lehenbauer\n","errorMsg":"OK"}
2014-04-02 23:29:34,692 TRACE [main:RabbitMQRPCConnector] - Send request: {"parameter":"week","method":"getReport","user":"rsa"}
2014-04-02 23:29:34,693 TRACE [Thread-1:RabbitMQDaemon] - Received msg: {"parameter":"week","method":"getReport","user":"rsa"}
2014-04-02 23:29:35,073 TRACE [Thread-1:RabbitMQDaemon] - Returning answer: {"error":false,"reply":"Week overview stub: 8 hours in total\nToday's Cookie:\n\n\"I'm a lover, not a hacker.\"\n-- Jeff Daiell\n","errorMsg":"OK"}
2014-04-02 23:29:35,074 TRACE [Thread-1:RabbitMQDaemon] - Answer acknowledged.
2014-04-02 23:29:35,075 TRACE [main:RabbitMQRPCConnector] - Retrieved reply: {"error":false,"reply":"Week overview stub: 8 hours in total\nToday's Cookie:\n\n\"I'm a lover, not a hacker.\"\n-- Jeff Daiell\n","errorMsg":"OK"}
2014-04-02 23:29:37,155 TRACE [main:RabbitMQRPCConnector] - Send request: {"parameter":"week","method":"getReport","user":"rsa"}
2014-04-02 23:29:37,157 TRACE [Thread-1:RabbitMQDaemon] - Received msg: {"parameter":"week","method":"getReport","user":"rsa"}
2014-04-02 23:29:37,402 TRACE [Thread-1:RabbitMQDaemon] - Returning answer: {"error":false,"reply":"Week overview stub: 8 hours in total\nToday's Cookie:\n\n\"Technology is a way of organizing the universe so that man doesn't have to\n experience it.\"\n-- Max Frisch\n","errorMsg":"OK"}
2014-04-02 23:29:37,403 TRACE [Thread-1:RabbitMQDaemon] - Answer acknowledged.
2014-04-02 23:29:37,404 TRACE [main:RabbitMQRPCConnector] - Retrieved reply: {"error":false,"reply":"Week overview stub: 8 hours in total\nToday's Cookie:\n\n\"Technology is a way of organizing the universe so that man doesn't have to\n experience it.\"\n-- Max Frisch\n","errorMsg":"OK"}
2014-04-02 23:29:38,531 TRACE [main:RabbitMQRPCConnector] - Send request: {"parameter":"week","method":"getReport","user":"rsa"}
2014-04-02 23:29:38,533 TRACE [Thread-1:RabbitMQDaemon] - Received msg: {"parameter":"week","method":"getReport","user":"rsa"}
2014-04-02 23:29:38,773 TRACE [Thread-1:RabbitMQDaemon] - Returning answer: {"error":false,"reply":"Week overview stub: 8 hours in total\nToday's Cookie:\n\nThe computer only crashes when printing a document you haven't saved.\n","errorMsg":"OK"}
2014-04-02 23:29:38,773 TRACE [Thread-1:RabbitMQDaemon] - Answer acknowledged.
2014-04-02 23:29:38,775 TRACE [main:RabbitMQRPCConnector] - Retrieved reply: {"error":false,"reply":"Week overview stub: 8 hours in total\nToday's Cookie:\n\nThe computer only crashes when printing a document you haven't saved.\n","errorMsg":"OK"}
2014-04-02 23:29:39,620 TRACE [main:RabbitMQRPCConnector] - Send request: {"parameter":"week","method":"getReport","user":"rsa"}
2014-04-02 23:29:39,621 TRACE [Thread-1:RabbitMQDaemon] - Received msg: {"parameter":"week","method":"getReport","user":"rsa"}
2014-04-02 23:29:39,848 TRACE [Thread-1:RabbitMQDaemon] - Returning answer: {"error":false,"reply":"Week overview stub: 8 hours in total\nToday's Cookie:\n\nNuts to your white mice, he said.\n-- Douglas Adams\n","errorMsg":"OK"}
2014-04-02 23:29:39,848 TRACE [Thread-1:RabbitMQDaemon] - Answer acknowledged.
2014-04-02 23:29:39,850 TRACE [main:RabbitMQRPCConnector] - Retrieved reply: {"error":false,"reply":"Week overview stub: 8 hours in total\nToday's Cookie:\n\nNuts to your white mice, he said.\n-- Douglas Adams\n","errorMsg":"OK"}
2014-04-02 23:29:40,548 TRACE [main:RabbitMQRPCConnector] - Send request: {"parameter":"week","method":"getReport","user":"rsa"}
2014-04-02 23:29:40,550 TRACE [Thread-1:RabbitMQDaemon] - Received msg: {"parameter":"week","method":"getReport","user":"rsa"}
2014-04-02 23:29:40,775 TRACE [Thread-1:RabbitMQDaemon] - Returning answer: {"error":false,"reply":"Week overview stub: 8 hours in total\nToday's Cookie:\n\nMiniscribe's troubles are daunting.  The company has floundered in its attempt\nto settle 13 shareholder lawsuits, filed after a panel found that previous\nmanagers circumvented financial controls and resorted to shipping bricks and\nunfinished drives to shore up sagging revenue figures.\n-- \"Miniscribe Prognosis Is Hopeful,\" E. E. Times, Jan 15, 1990, pg 67\n","errorMsg":"OK"}
2014-04-02 23:29:40,775 TRACE [Thread-1:RabbitMQDaemon] - Answer acknowledged.
2014-04-02 23:29:40,777 TRACE [main:RabbitMQRPCConnector] - Retrieved reply: {"error":false,"reply":"Week overview stub: 8 hours in total\nToday's Cookie:\n\nMiniscribe's troubles are daunting.  The company has floundered in its attempt\nto settle 13 shareholder lawsuits, filed after a panel found that previous\nmanagers circumvented financial controls and resorted to shipping bricks and\nunfinished drives to shore up sagging revenue figures.\n-- \"Miniscribe Prognosis Is Hopeful,\" E. E. Times, Jan 15, 1990, pg 67\n","errorMsg":"OK"}
2014-04-02 23:29:41,884 TRACE [main:RabbitMQRPCConnector] - Send request: {"parameter":"week","method":"getReport","user":"rsa"}
2014-04-02 23:29:41,886 TRACE [Thread-1:RabbitMQDaemon] - Received msg: {"parameter":"week","method":"getReport","user":"rsa"}
2014-04-02 23:29:42,126 TRACE [Thread-1:RabbitMQDaemon] - Returning answer: {"error":false,"reply":"Week overview stub: 8 hours in total\nToday's Cookie:\n\n\"You're all clear kid, let's blow this thing and go home.\"\n\"Great shot kid, that was one in a million.\"\n\"Remember, the force will be with you...always.\"\n","errorMsg":"OK"}
2014-04-02 23:29:42,126 TRACE [Thread-1:RabbitMQDaemon] - Answer acknowledged.
2014-04-02 23:29:42,129 TRACE [main:RabbitMQRPCConnector] - Retrieved reply: {"error":false,"reply":"Week overview stub: 8 hours in total\nToday's Cookie:\n\n\"You're all clear kid, let's blow this thing and go home.\"\n\"Great shot kid, that was one in a million.\"\n\"Remember, the force will be with you...always.\"\n","errorMsg":"OK"}
2014-04-02 23:29:42,876 TRACE [main:RabbitMQRPCConnector] - Send request: {"parameter":"week","method":"getReport","user":"rsa"}
2014-04-02 23:29:42,877 TRACE [Thread-1:RabbitMQDaemon] - Received msg: {"parameter":"week","method":"getReport","user":"rsa"}
2014-04-02 23:29:43,109 TRACE [Thread-1:RabbitMQDaemon] - Returning answer: {"error":false,"reply":"Week overview stub: 8 hours in total\nToday's Cookie:\n\nAct in haste and repent at leisure; Code too soon and debug forever.\n","errorMsg":"OK"}
2014-04-02 23:29:43,109 TRACE [Thread-1:RabbitMQDaemon] - Answer acknowledged.
2014-04-02 23:29:43,111 TRACE [main:RabbitMQRPCConnector] - Retrieved reply: {"error":false,"reply":"Week overview stub: 8 hours in total\nToday's Cookie:\n\nAct in haste and repent at leisure; Code too soon and debug forever.\n","errorMsg":"OK"}
2014-04-02 23:29:43,932 TRACE [main:RabbitMQRPCConnector] - Send request: {"parameter":"week","method":"getReport","user":"rsa"}
2014-04-02 23:29:43,933 TRACE [Thread-1:RabbitMQDaemon] - Received msg: {"parameter":"week","method":"getReport","user":"rsa"}
2014-04-02 23:29:44,159 TRACE [Thread-1:RabbitMQDaemon] - Returning answer: {"error":false,"reply":"Week overview stub: 8 hours in total\nToday's Cookie:\n\nThere are of course many problems connected with life, of which some of the most popular \nare `Why are people born?' `Why do they die?' \n`Why do they spend so much of the intervening time wearing digital watches?'\n-- Douglas Adams\n","errorMsg":"OK"}
2014-04-02 23:29:44,159 TRACE [Thread-1:RabbitMQDaemon] - Answer acknowledged.
2014-04-02 23:29:44,160 TRACE [main:RabbitMQRPCConnector] - Retrieved reply: {"error":false,"reply":"Week overview stub: 8 hours in total\nToday's Cookie:\n\nThere are of course many problems connected with life, of which some of the most popular \nare `Why are people born?' `Why do they die?' \n`Why do they spend so much of the intervening time wearing digital watches?'\n-- Douglas Adams\n","errorMsg":"OK"}
2014-04-02 23:29:44,899 TRACE [main:RabbitMQRPCConnector] - Send request: {"parameter":"week","method":"getReport","user":"rsa"}
2014-04-02 23:29:44,901 TRACE [Thread-1:RabbitMQDaemon] - Received msg: {"parameter":"week","method":"getReport","user":"rsa"}
2014-04-02 23:29:45,153 TRACE [Thread-1:RabbitMQDaemon] - Returning answer: {"error":false,"reply":"Week overview stub: 8 hours in total\nToday's Cookie:\n\n\"Keep the wind in your solar sails...\" \n-- Glenn Clapp\n","errorMsg":"OK"}
2014-04-02 23:29:45,153 TRACE [Thread-1:RabbitMQDaemon] - Answer acknowledged.
2014-04-02 23:29:45,154 TRACE [main:RabbitMQRPCConnector] - Retrieved reply: {"error":false,"reply":"Week overview stub: 8 hours in total\nToday's Cookie:\n\n\"Keep the wind in your solar sails...\" \n-- Glenn Clapp\n","errorMsg":"OK"}
2014-04-02 23:31:10,916 TRACE [main:RabbitMQRPCConnector] - Send request: {"parameter":"week","method":"getReport","user":"rsa"}
2014-04-02 23:31:29,820 ERROR [main:RabbitMQRPCConnector] - ShutdownException: connection error; reason: java.net.SocketException: Software caused connection abort: recv failed
